<?xml version="1.0" encoding="UTF-8"?>
<!-- Generated by org.testng.reporters.JUnitReportReporter -->
<testsuite hostname="DESKTOP-E3FNQHB" failures="0" tests="1" name="Strings.practice" time="0.011" errors="0" timestamp="2023-06-12T17:01:04 IST" skipped="0">
  <testcase classname="Strings.practice" name="teste" time="0.011"/>
  <system-out/>
</testsuite> <!-- Strings.practice -->
