<?xml version="1.0" encoding="UTF-8"?>
<!-- Generated by org.testng.reporters.JUnitReportReporter -->
<testsuite hostname="DESKTOP-E3FNQHB" failures="0" tests="1" name="Strings.age" time="0.017" errors="0" timestamp="2023-06-12T15:42:40 IST" skipped="0">
  <testcase classname="Strings.age" name="test" time="0.017"/>
  <system-out/>
</testsuite> <!-- Strings.age -->
