<?xml version="1.0" encoding="UTF-8"?>
<!-- Generated by org.testng.reporters.JUnitReportReporter -->
<testsuite hostname="DESKTOP-E3FNQHB" failures="0" tests="1" name="Stream_demo.Stream_methode" time="0.015" errors="0" timestamp="2023-09-06T19:54:47 IST" skipped="0">
  <testcase classname="Stream_demo.Stream_methode" name="reduce" time="0.015"/>
  <system-out/>
</testsuite> <!-- Stream_demo.Stream_methode -->
