<?xml version="1.0" encoding="UTF-8"?>
<!-- Generated by org.testng.reporters.JUnitReportReporter -->
<testsuite hostname="DESKTOP-E3FNQHB" failures="0" tests="1" name="Strings.Array_list" time="0.008" errors="0" timestamp="2023-07-05T14:23:04 IST" skipped="0">
  <testcase classname="Strings.Array_list" name="Find_duplicate" time="0.008"/>
  <system-out/>
</testsuite> <!-- Strings.Array_list -->
