<?xml version="1.0" encoding="UTF-8"?>
<!-- Generated by org.testng.reporters.JUnitReportReporter -->
<testsuite hostname="DESKTOP-E3FNQHB" failures="0" tests="1" name="Strings.finally_demo" time="0.015" errors="0" timestamp="2023-07-04T20:06:03 IST" skipped="0">
  <testcase classname="Strings.finally_demo" name="returntest" time="0.015"/>
  <system-out/>
</testsuite> <!-- Strings.finally_demo -->
