<?xml version="1.0" encoding="UTF-8"?>
<!-- Generated by org.testng.reporters.JUnitReportReporter -->
<testsuite hostname="DESKTOP-E3FNQHB" failures="0" tests="1" name="Strings.String_demo" time="0.014" errors="0" timestamp="2023-06-15T13:08:09 IST" skipped="0">
  <testcase classname="Strings.String_demo" name="ttttt" time="0.014"/>
  <system-out/>
</testsuite> <!-- Strings.String_demo -->
