<?xml version="1.0" encoding="UTF-8"?>
<!-- Generated by org.testng.reporters.JUnitReportReporter -->
<testsuite hostname="DESKTOP-E3FNQHB" failures="0" tests="1" name="Stream_demo.Stream_demo_all" time="0.020" errors="0" timestamp="2023-09-18T11:49:06 IST" skipped="0">
  <testcase classname="Stream_demo.Stream_demo_all" name="checkthegeneder" time="0.020"/>
  <system-out/>
</testsuite> <!-- Stream_demo.Stream_demo_all -->
