<?xml version="1.0" encoding="UTF-8"?>
<!-- Generated by org.testng.reporters.JUnitReportReporter -->
<testsuite hostname="DESKTOP-E3FNQHB" failures="0" tests="1" name="Iterator_demo.Iterator_enumertion" time="0.006" errors="0" timestamp="2023-09-24T12:41:33 IST" skipped="0">
  <testcase classname="Iterator_demo.Iterator_enumertion" name="usingString" time="0.006"/>
  <system-out/>
</testsuite> <!-- Iterator_demo.Iterator_enumertion -->
