<?xml version="1.0" encoding="UTF-8"?>
<!-- Generated by org.testng.reporters.JUnitReportReporter -->
<testsuite hostname="DESKTOP-E3FNQHB" failures="0" tests="2" name="parallel.parallel" time="0.018" errors="0" timestamp="2023-05-12T20:46:44 IST" skipped="0">
  <testcase classname="parallel.parallel" name="testet" time="0.016"/>
  <system-out/>
  <testcase classname="parallel.parallel" name="testet" time="0.002"/>
  <system-out/>
</testsuite> <!-- parallel.parallel -->
