<?xml version="1.0" encoding="UTF-8"?>
<!-- Generated by org.testng.reporters.JUnitReportReporter -->
<testsuite hostname="DESKTOP-E3FNQHB" failures="0" tests="1" name="Strings.String_conca" time="0.012" errors="0" timestamp="2023-05-16T14:37:40 IST" skipped="0">
  <testcase classname="Strings.String_conca" name="test" time="0.012"/>
  <system-out/>
</testsuite> <!-- Strings.String_conca -->
