<?xml version="1.0" encoding="UTF-8"?>
<!-- Generated by org.testng.reporters.JUnitReportReporter -->
<testsuite hostname="DESKTOP-E3FNQHB" failures="0" tests="1" name="Strings.numerical" time="0.011" errors="0" timestamp="2023-07-05T12:50:33 IST" skipped="0">
  <testcase classname="Strings.numerical" name="palindrome" time="0.011"/>
  <system-out/>
</testsuite> <!-- Strings.numerical -->
