<?xml version="1.0" encoding="UTF-8"?>
<!-- Generated by org.testng.reporters.JUnitReportReporter -->
<testsuite hostname="DESKTOP-E3FNQHB" failures="0" tests="1" name="compartor_caomparable.Testing_class" time="0.019" errors="0" timestamp="2023-08-25T11:17:19 IST" skipped="0">
  <testcase classname="compartor_caomparable.Testing_class" name="comprator_role" time="0.019"/>
  <system-out/>
</testsuite> <!-- compartor_caomparable.Testing_class -->
