<?xml version="1.0" encoding="UTF-8"?>
<!-- Generated by org.testng.reporters.JUnitReportReporter -->
<testsuite hostname="DESKTOP-E3FNQHB" failures="0" tests="1" name="Strings.reperat" time="0.011" errors="0" timestamp="2023-09-06T19:37:56 IST" skipped="0">
  <testcase classname="Strings.reperat" name="test" time="0.011"/>
  <system-out/>
</testsuite> <!-- Strings.reperat -->
