<?xml version="1.0" encoding="UTF-8"?>
<!-- Generated by org.testng.reporters.JUnitReportReporter -->
<testsuite hostname="DESKTOP-E3FNQHB" failures="0" tests="1" name="Stream_demo.Count_charcter" time="0.021" errors="0" timestamp="2023-09-06T20:06:51 IST" skipped="0">
  <testcase classname="Stream_demo.Count_charcter" name="countchar" time="0.021"/>
  <system-out/>
</testsuite> <!-- Stream_demo.Count_charcter -->
