<?xml version="1.0" encoding="UTF-8"?>
<!-- Generated by org.testng.reporters.JUnitReportReporter -->
<testsuite hostname="DESKTOP-E3FNQHB" failures="0" tests="1" name="Strings.chara" time="0.010" errors="0" timestamp="2023-07-02T18:20:39 IST" skipped="0">
  <testcase classname="Strings.chara" name="test" time="0.010"/>
  <system-out/>
</testsuite> <!-- Strings.chara -->
